
**** Build of configuration Debug for project simpleUART ****

"C:\\ti\\ccsv6\\utils\\bin\\gmake" -k all 
'Building file: ../main.c'
'Invoking: ARM Compiler'
"C:/ti/ccsv6/tools/compiler/arm_15.12.3.LTS/bin/armcl" -mv7M4 --code_state=16 --float_support=FPv4SPD16 -me --include_path="C:/ti/ccsv6/tools/compiler/arm_15.12.3.LTS/include" --include_path="C:/ti/TivaWare_C_Series-2.1.3.156" -g --gcc --define=ccs="ccs" --define=PART_TM4C1290NCPDT --diag_warning=225 --diag_wrap=off --display_error_number --abi=eabi --preproc_with_compile --preproc_dependency="main.d"  "../main.c"
'Finished building: ../main.c'
' '
'Building file: ../tm4c1290ncpdt_startup_ccs.c'
'Invoking: ARM Compiler'
"C:/ti/ccsv6/tools/compiler/arm_15.12.3.LTS/bin/armcl" -mv7M4 --code_state=16 --float_support=FPv4SPD16 -me --include_path="C:/ti/ccsv6/tools/compiler/arm_15.12.3.LTS/include" --include_path="C:/ti/TivaWare_C_Series-2.1.3.156" -g --gcc --define=ccs="ccs" --define=PART_TM4C1290NCPDT --diag_warning=225 --diag_wrap=off --display_error_number --abi=eabi --preproc_with_compile --preproc_dependency="tm4c1290ncpdt_startup_ccs.d"  "../tm4c1290ncpdt_startup_ccs.c"
'Finished building: ../tm4c1290ncpdt_startup_ccs.c'
' '
'Building target: simpleUART.out'
'Invoking: ARM Linker'
"C:/ti/ccsv6/tools/compiler/arm_15.12.3.LTS/bin/armcl" -mv7M4 --code_state=16 --float_support=FPv4SPD16 -me -g --gcc --define=ccs="ccs" --define=PART_TM4C1290NCPDT --diag_warning=225 --diag_wrap=off --display_error_number --abi=eabi -z -m"simpleUART.map" --stack_size=512 --heap_size=0 -i"C:/ti/ccsv6/tools/compiler/arm_15.12.3.LTS/lib" -i"C:/ti/ccsv6/tools/compiler/arm_15.12.3.LTS/include" --reread_libs --warn_sections --diag_wrap=off --display_error_number --xml_link_info="simpleUART_linkInfo.xml" --rom_model -o "simpleUART.out" "./main.obj" "./tm4c1290ncpdt_startup_ccs.obj" "../tm4c1290ncpdt.cmd"  -llibc.a -l"C:/ti/TivaWare_C_Series-2.1.3.156/driverlib/ccs/Debug/driverlib.lib" 
<Linking>
'Finished building target: simpleUART.out'
' '

**** Build Finished ****

**** Build of configuration Debug for project simpleUART ****

"C:\\ti\\ccsv6\\utils\\bin\\gmake" -k all 
gmake: Nothing to be done for 'all'.

**** Build Finished ****

**** Build of configuration Debug for project simpleUART ****

"C:\\ti\\ccsv6\\utils\\bin\\gmake" -k all 
'Building file: ../main.c'
'Invoking: ARM Compiler'
"C:/ti/ccsv6/tools/compiler/arm_15.12.3.LTS/bin/armcl" -mv7M4 --code_state=16 --float_support=FPv4SPD16 -me --include_path="C:/ti/ccsv6/tools/compiler/arm_15.12.3.LTS/include" --include_path="C:/ti/TivaWare_C_Series-2.1.3.156" -g --gcc --define=ccs="ccs" --define=PART_TM4C1290NCPDT --diag_warning=225 --diag_wrap=off --display_error_number --abi=eabi --preproc_with_compile --preproc_dependency="main.d"  "../main.c"
'Finished building: ../main.c'
' '
'Building target: simpleUART.out'
'Invoking: ARM Linker'
"C:/ti/ccsv6/tools/compiler/arm_15.12.3.LTS/bin/armcl" -mv7M4 --code_state=16 --float_support=FPv4SPD16 -me -g --gcc --define=ccs="ccs" --define=PART_TM4C1290NCPDT --diag_warning=225 --diag_wrap=off --display_error_number --abi=eabi -z -m"simpleUART.map" --stack_size=512 --heap_size=0 -i"C:/ti/ccsv6/tools/compiler/arm_15.12.3.LTS/lib" -i"C:/ti/ccsv6/tools/compiler/arm_15.12.3.LTS/include" --reread_libs --warn_sections --diag_wrap=off --display_error_number --xml_link_info="simpleUART_linkInfo.xml" --rom_model -o "simpleUART.out" "./main.obj" "./tm4c1290ncpdt_startup_ccs.obj" "../tm4c1290ncpdt.cmd"  -llibc.a -l"C:/ti/TivaWare_C_Series-2.1.3.156/driverlib/ccs/Debug/driverlib.lib" 
<Linking>
'Finished building target: simpleUART.out'
' '

**** Build Finished ****

**** Build of configuration Debug for project simpleUART ****

"C:\\ti\\ccsv6\\utils\\bin\\gmake" -k all 
gmake: Nothing to be done for 'all'.

**** Build Finished ****

**** Build of configuration Debug for project simpleUART ****

"C:\\ti\\ccsv6\\utils\\bin\\gmake" -k all 
gmake: Nothing to be done for 'all'.

**** Build Finished ****

**** Build of configuration Debug for project simpleUART ****

"C:\\ti\\ccsv6\\utils\\bin\\gmake" -k all 
gmake: Nothing to be done for 'all'.

**** Build Finished ****

**** Build of configuration Debug for project simpleUART ****

"C:\\ti\\ccsv6\\utils\\bin\\gmake" -k all 
gmake: Nothing to be done for 'all'.

**** Build Finished ****
